Build started 2015-03-21 15:16:49.
     1>Project "C:\Users\Daniel\Desktop\myStuff\209185\209185\Lab\VS\lab3.vcxproj" on node 2 (Build target(s)).
     1>ClCompile:
         E:\Programy\VisualStudio\VC\bin\CL.exe /c /IC:\Users\Daniel\Desktop\myStuff\209185\209185\Lab\inc /IE:\Programy\VisualStudio\VC\boost_1_57_0 /ZI /nologo /W3 /WX- /sdl /Od /Oy- /D _CRT_SECURE_NO_WARNINGS /D _MBCS /Gm /EHsc /RTC1 /MDd /GS /fp:precise /Zc:wchar_t /Zc:forScope /Fo"Debug\\" /Fd"Debug\vc120.pdb" /Gd /TP /analyze- /errorReport:prompt ..\src\stack.cpp
         stack.cpp
     1>c:\users\daniel\desktop\mystuff\209185\209185\lab\src\stack.cpp(13): error C2995: 'void Stack<T>::push(T)' : function template has already been defined
                 c:\users\daniel\desktop\mystuff\209185\209185\lab\inc\stack.h(29) : see declaration of 'Stack<T>::push'
     1>c:\users\daniel\desktop\mystuff\209185\209185\lab\src\stack.cpp(25): error C2995: 'void Stack<T>::push_prc(T)' : function template has already been defined
                 c:\users\daniel\desktop\mystuff\209185\209185\lab\inc\stack.h(37) : see declaration of 'Stack<T>::push_prc'
     1>c:\users\daniel\desktop\mystuff\209185\209185\lab\src\stack.cpp(35): error C2995: 'T Stack<T>::pop(void)' : function template has already been defined
                 c:\users\daniel\desktop\mystuff\209185\209185\lab\inc\stack.h(39) : see declaration of 'Stack<T>::pop'
     1>Done Building Project "C:\Users\Daniel\Desktop\myStuff\209185\209185\Lab\VS\lab3.vcxproj" (Build target(s)) -- FAILED.

Build FAILED.

Time Elapsed 00:00:01.00
